<?xml version="1.0" encoding="UTF-8"?>
<!-- Generated by org.testng.reporters.JUnitXMLReporter -->
<testsuite hostname="DESKTOP-MLQSV5O" name="SampleTest2" tests="7" failures="0" timestamp="19 Feb 2019 05:25:42 GMT" time="0.087" errors="0">
  <testcase name="testOne" time="0.007" classname="com.test.project1.ScratchOne">
    <skipped/>
  </testcase> <!-- testOne -->
  <testcase name="testTwo" time="0.014" classname="com.test.project1.ScratchOne"/>
  <testcase name="testThree" time="0.003" classname="com.test.project1.ScratchOne"/>
  <testcase name="testFour" time="0.002" classname="com.test.project1.ScratchOne"/>
  <testcase name="proOne" time="0.003" classname="com.test.project1.ScratchOne"/>
  <testcase name="proTwo" time="0.004" classname="com.test.project1.ScratchOne"/>
  <testcase name="proThree" time="0.003" classname="com.test.project1.ScratchOne"/>
</testsuite> <!-- SampleTest2 -->
