<?xml version="1.0" encoding="UTF-8"?>
<!-- Generated by org.testng.reporters.JUnitXMLReporter -->
<testsuite hostname="DESKTOP-MLQSV5O" name="TestZero" tests="3" failures="0" timestamp="18 Feb 2019 05:09:36 GMT" time="0.06" errors="0">
  <testcase name="proOne" time="0.018" classname="com.test.project1.ScratchOne"/>
  <testcase name="proTwo" time="0.003" classname="com.test.project1.ScratchOne"/>
  <testcase name="proThree" time="0.004" classname="com.test.project1.ScratchOne"/>
</testsuite> <!-- TestZero -->
