<?xml version="1.0" encoding="UTF-8"?>
<!-- Generated by org.testng.reporters.JUnitXMLReporter -->
<testsuite hostname="DESKTOP-MLQSV5O" name="SampleTest" tests="1" failures="1" timestamp="20 Feb 2019 06:15:51 GMT" time="9.765" errors="0">
  <testcase name="testOne" time="8.953" classname="com.test.feb.AmTestOne">
    <failure type="java.lang.AssertionError" message="expected [true] but found [false]">
      <![CDATA[java.lang.AssertionError: expected [true] but found [false]
	at com.test.feb.AmTestOne.testOne(AmTestOne.java:14)
... Removed 28 stack frames]]>
    </failure>
  </testcase> <!-- testOne -->
</testsuite> <!-- SampleTest -->
