<?xml version="1.0" encoding="UTF-8"?>
<testng-results skipped="0" failed="0" ignored="0" total="1" passed="1">
  <reporter-output>
  </reporter-output>
  <suite name="FebTest" duration-ms="16201" started-at="2019-02-20T06:16:57Z" finished-at="2019-02-20T06:17:13Z">
    <groups>
    </groups>
    <test name="SampleTest" duration-ms="16201" started-at="2019-02-20T06:16:57Z" finished-at="2019-02-20T06:17:13Z">
      <class name="com.test.feb.AmTestOne">
        <test-method status="PASS" signature="testOne()[pri:0, instance:com.test.feb.AmTestOne@4cb2c100]" name="testOne" duration-ms="16164" started-at="2019-02-20T06:16:57Z" finished-at="2019-02-20T06:17:13Z">
          <reporter-output>
          </reporter-output>
        </test-method> <!-- testOne -->
      </class> <!-- com.test.feb.AmTestOne -->
    </test> <!-- SampleTest -->
  </suite> <!-- FebTest -->
</testng-results>
